AndroidWear/SynchronizedNotifications-Sample/Wearable/build/outputs/logs/manifest-merger-debug-report.txt
-- Merging decision tree log ---
manifest
ADDED from src/main/AndroidManifest.xml:19:1-60:12
	package
		ADDED from src/main/AndroidManifest.xml:20:5-69
	android:versionName
		INJECTED from src/main/AndroidManifest.xml
		INJECTED from src/main/AndroidManifest.xml
	xmlns:android
		ADDED from src/main/AndroidManifest.xml:19:11-69
	android:versionCode
		INJECTED from src/main/AndroidManifest.xml
		INJECTED from src/main/AndroidManifest.xml
uses-sdk
ADDED from src/main/AndroidManifest.xml:22:5-23:41
MERGED from [com.google.android.gms:play-services-wearable:8.4.0] AndroidManifest.xml:18:5-42
MERGED from [com.google.android.gms:play-services-base:8.4.0] AndroidManifest.xml:18:5-42
MERGED from [com.google.android.gms:play-services-basement:8.4.0] AndroidManifest.xml:18:5-42
MERGED from [com.android.support:support-v4:23.3.0] AndroidManifest.xml:20:5-43
MERGED from [com.android.support:support-v13:23.3.0] AndroidManifest.xml:20:5-44
MERGED from [com.android.support:support-v4:23.3.0] AndroidManifest.xml:20:5-43
MERGED from [com.google.android.support:wearable:1.4.0] AndroidManifest.xml:4:5-6:41
MERGED from [com.android.support:support-v4:23.3.0] AndroidManifest.xml:20:5-43
MERGED from [com.android.support:recyclerview-v7:23.0.1] AndroidManifest.xml:20:5-43
MERGED from [com.android.support:support-v4:23.3.0] AndroidManifest.xml:20:5-43
MERGED from [SynchronizedNotifications-Sample:Shared:unspecified] AndroidManifest.xml:20:5-22:41
	android:targetSdkVersion
		ADDED from src/main/AndroidManifest.xml:23:9-38
		INJECTED from src/main/AndroidManifest.xml
		INJECTED from src/main/AndroidManifest.xml
	android:minSdkVersion
		ADDED from src/main/AndroidManifest.xml:22:15-41
uses-feature#android.hardware.type.watch
ADDED from src/main/AndroidManifest.xml:25:5-64
	android:name
		ADDED from src/main/AndroidManifest.xml:25:19-61
application
ADDED from src/main/AndroidManifest.xml:27:5-58:19
MERGED from [com.google.android.gms:play-services-wearable:8.4.0] AndroidManifest.xml:19:5-20
MERGED from [com.google.android.gms:play-services-basement:8.4.0] AndroidManifest.xml:20:5-24:19
MERGED from [com.android.support:support-v4:23.3.0] AndroidManifest.xml:22:5-20
MERGED from [com.android.support:support-v13:23.3.0] AndroidManifest.xml:22:5-20
MERGED from [com.android.support:support-v4:23.3.0] AndroidManifest.xml:22:5-20
MERGED from [com.google.android.support:wearable:1.4.0] AndroidManifest.xml:8:5-20
MERGED from [com.android.support:support-v4:23.3.0] AndroidManifest.xml:22:5-20
MERGED from [com.android.support:support-v4:23.3.0] AndroidManifest.xml:22:5-20
MERGED from [SynchronizedNotifications-Sample:Shared:unspecified] AndroidManifest.xml:24:5-27:19
	android:label
		ADDED from src/main/AndroidManifest.xml:30:9-41
	android:allowBackup
		ADDED from src/main/AndroidManifest.xml:28:9-35
	android:icon
		ADDED from src/main/AndroidManifest.xml:29:9-45
	android:theme
		ADDED from src/main/AndroidManifest.xml:31:9-65
meta-data#com.google.android.gms.version
ADDED from src/main/AndroidManifest.xml:32:9-33:76
MERGED from [com.google.android.gms:play-services-basement:8.4.0] AndroidManifest.xml:21:9-23:69
	android:value
		ADDED from src/main/AndroidManifest.xml:33:20-73
	android:name
		ADDED from src/main/AndroidManifest.xml:32:20-65
activity#com.example.android.wearable.synchronizednotifications.WearableActivity
ADDED from src/main/AndroidManifest.xml:34:9-41:20
	android:label
		ADDED from src/main/AndroidManifest.xml:36:13-45
	android:name
		ADDED from src/main/AndroidManifest.xml:35:13-45
intent-filter#android.intent.action.MAIN+android.intent.category.LAUNCHER
ADDED from src/main/AndroidManifest.xml:37:13-40:29
action#android.intent.action.MAIN
ADDED from src/main/AndroidManifest.xml:38:17-69
	android:name
		ADDED from src/main/AndroidManifest.xml:38:25-66
category#android.intent.category.LAUNCHER
ADDED from src/main/AndroidManifest.xml:39:17-77
	android:name
		ADDED from src/main/AndroidManifest.xml:39:27-74
service#com.example.android.wearable.synchronizednotifications.NotificationUpdateService
ADDED from src/main/AndroidManifest.xml:42:9-56:19
	android:name
		ADDED from src/main/AndroidManifest.xml:42:18-59
intent-filter#com.google.android.gms.wearable.DATA_CHANGED
ADDED from src/main/AndroidManifest.xml:43:13-51:29
action#com.google.android.gms.wearable.DATA_CHANGED
ADDED from src/main/AndroidManifest.xml:45:17-87
	android:name
		ADDED from src/main/AndroidManifest.xml:45:25-84
data
ADDED from src/main/AndroidManifest.xml:49:17-90
	android:host
		ADDED from src/main/AndroidManifest.xml:49:45-61
	android:scheme
		ADDED from src/main/AndroidManifest.xml:49:23-44
	android:pathPrefix
		ADDED from src/main/AndroidManifest.xml:49:62-88
intent-filter#com.example.android.wearable.synchronizednotifications.DISMISS
ADDED from src/main/AndroidManifest.xml:52:13-55:29
action#com.example.android.wearable.synchronizednotifications.DISMISS
ADDED from src/main/AndroidManifest.xml:53:17-54:101
	android:name
		ADDED from src/main/AndroidManifest.xml:54:21-98